<?xml version="1.0" encoding="UTF-8"?>
<!-- Generated by org.testng.reporters.JUnitReportReporter -->
<testsuite skipped="0" hostname="DESKTOP-9T8L4HV" name="com.syntax.practice.excelReview" tests="1" failures="0" timestamp="16 Jun 2019 18:59:02 GMT" time="0.650" errors="0">
  <testcase name="readExcel" time="0.650" classname="com.syntax.practice.excelReview"/>
</testsuite> <!-- com.syntax.practice.excelReview -->
